TN:
SF:src\models\Campeonato.ts
FN:19,(anonymous_0)
FN:24,(anonymous_1)
FN:28,(anonymous_2)
FN:32,(anonymous_3)
FN:33,(anonymous_4)
FN:54,(anonymous_5)
FN:55,(anonymous_6)
FN:58,(anonymous_7)
FN:59,(anonymous_8)
FN:62,(anonymous_9)
FN:63,(anonymous_10)
FN:66,(anonymous_11)
FN:67,(anonymous_12)
FN:70,(anonymous_13)
FN:71,(anonymous_14)
FNF:15
FNH:9
FNDA:32,(anonymous_0)
FNDA:128,(anonymous_1)
FNDA:170,(anonymous_2)
FNDA:2,(anonymous_3)
FNDA:12,(anonymous_4)
FNDA:0,(anonymous_5)
FNDA:0,(anonymous_6)
FNDA:6,(anonymous_7)
FNDA:8,(anonymous_8)
FNDA:0,(anonymous_9)
FNDA:0,(anonymous_10)
FNDA:166,(anonymous_11)
FNDA:2824,(anonymous_12)
FNDA:0,(anonymous_13)
FNDA:0,(anonymous_14)
DA:13,4
DA:14,32
DA:15,32
DA:20,32
DA:21,32
DA:25,128
DA:29,170
DA:33,2
DA:35,12
DA:36,10
DA:40,2
DA:41,0
DA:45,2
DA:46,0
DA:50,2
DA:55,0
DA:59,8
DA:63,0
DA:67,2824
DA:71,0
DA:72,0
LF:21
LH:15
BRDA:35,0,0,10
BRDA:35,0,1,2
BRDA:40,1,0,0
BRDA:40,1,1,2
BRDA:45,2,0,0
BRDA:45,2,1,2
BRDA:72,3,0,0
BRDA:72,3,1,0
BRDA:72,3,2,0
BRDA:72,3,3,0
BRF:10
BRH:4
end_of_record
TN:
SF:src\models\Jogo.ts
FN:22,(anonymous_0)
FN:29,(anonymous_1)
FN:54,(anonymous_2)
FNF:3
FNH:3
FNDA:86,(anonymous_0)
FNDA:22,(anonymous_1)
FNDA:8,(anonymous_2)
DA:13,5
DA:17,86
DA:18,86
DA:20,86
DA:23,86
DA:24,86
DA:25,86
DA:26,86
DA:30,22
DA:31,22
DA:32,22
DA:38,22
DA:39,12
DA:40,12
DA:41,10
DA:42,2
DA:43,2
DA:45,8
DA:46,8
DA:50,22
DA:51,22
DA:55,8
DA:56,6
DA:57,4
DA:58,2
LF:25
LH:25
BRDA:38,0,0,12
BRDA:38,0,1,10
BRDA:41,1,0,2
BRDA:41,1,1,8
BRDA:55,2,0,2
BRDA:55,2,1,6
BRDA:56,3,0,2
BRDA:56,3,1,4
BRDA:57,4,0,2
BRDA:57,4,1,2
BRF:10
BRH:10
end_of_record
TN:
SF:src\models\Rodada.ts
FN:14,(anonymous_0)
FN:18,(anonymous_1)
FN:22,(anonymous_2)
FN:26,(anonymous_3)
FN:27,(anonymous_4)
FN:30,(anonymous_5)
FN:31,(anonymous_6)
FNF:7
FNH:2
FNDA:184,(anonymous_0)
FNDA:76,(anonymous_1)
FNDA:0,(anonymous_2)
FNDA:0,(anonymous_3)
FNDA:0,(anonymous_4)
FNDA:0,(anonymous_5)
FNDA:0,(anonymous_6)
DA:9,4
DA:11,184
DA:12,184
DA:15,184
DA:19,76
DA:23,0
DA:27,0
DA:31,0
LF:8
LH:5
BRF:0
BRH:0
end_of_record
TN:
SF:src\models\Time.ts
FN:24,(anonymous_0)
FN:29,(anonymous_1)
FNF:2
FNH:2
FNDA:174,(anonymous_0)
FNDA:68,(anonymous_1)
DA:13,6
DA:16,174
DA:17,174
DA:18,174
DA:19,174
DA:20,174
DA:21,174
DA:22,174
DA:25,174
DA:26,174
DA:30,68
DA:31,68
DA:32,68
DA:34,68
DA:36,24
DA:37,24
DA:38,24
DA:40,20
DA:41,20
DA:42,20
DA:44,24
DA:45,24
LF:22
LH:22
BRDA:34,0,0,24
BRDA:34,0,1,20
BRDA:34,0,2,24
BRF:3
BRH:3
end_of_record
TN:
SF:src\models\index.ts
FNF:0
FNH:0
DA:1,2
DA:2,2
DA:3,2
DA:4,2
LF:4
LH:4
BRF:0
BRH:0
end_of_record
TN:
SF:src\services\ClassificacaoService.ts
FN:6,(anonymous_0)
FN:10,(anonymous_1)
FN:12,(anonymous_2)
FN:21,(anonymous_3)
FN:23,(anonymous_4)
FN:24,(anonymous_5)
FN:50,(anonymous_6)
FN:58,(anonymous_7)
FN:59,(anonymous_8)
FN:62,(anonymous_9)
FN:67,(anonymous_10)
FN:86,(anonymous_11)
FN:87,(anonymous_12)
FN:89,(anonymous_13)
FN:92,(anonymous_14)
FN:95,(anonymous_15)
FNF:16
FNH:16
FNDA:2,(anonymous_0)
FNDA:4,(anonymous_1)
FNDA:16,(anonymous_2)
FNDA:6,(anonymous_3)
FNDA:6,(anonymous_4)
FNDA:14,(anonymous_5)
FNDA:22,(anonymous_6)
FNDA:2,(anonymous_7)
FNDA:8,(anonymous_8)
FNDA:2,(anonymous_9)
FNDA:8,(anonymous_10)
FNDA:2,(anonymous_11)
FNDA:4,(anonymous_12)
FNDA:4,(anonymous_13)
FNDA:4,(anonymous_14)
FNDA:4,(anonymous_15)
DA:2,2
DA:4,2
DA:7,2
DA:12,4
DA:13,16
DA:14,16
DA:18,4
DA:19,6
DA:20,6
DA:21,6
DA:22,6
DA:23,6
DA:24,14
DA:26,6
DA:30,6
DA:31,6
DA:32,6
DA:33,0
DA:34,0
DA:35,0
DA:37,0
DA:38,0
DA:41,6
DA:42,6
DA:50,4
DA:51,22
DA:52,14
DA:53,14
DA:54,4
DA:59,8
DA:63,2
DA:64,2
DA:65,2
DA:67,2
DA:68,8
DA:69,6
DA:71,2
DA:72,2
DA:74,2
DA:75,2
DA:79,2
DA:80,2
DA:83,2
DA:87,4
DA:89,2
DA:90,4
DA:92,2
DA:93,4
DA:95,2
DA:96,4
DA:98,2
LF:51
LH:46
BRDA:20,0,0,6
BRDA:20,0,1,0
BRDA:22,1,0,6
BRDA:22,1,1,0
BRDA:26,2,0,6
BRDA:26,2,1,0
BRDA:26,3,0,6
BRDA:26,3,1,6
BRDA:30,4,0,6
BRDA:30,4,1,0
BRDA:33,5,0,0
BRDA:33,5,1,0
BRDA:51,6,0,8
BRDA:51,6,1,14
BRDA:52,7,0,0
BRDA:52,7,1,14
BRDA:53,8,0,10
BRDA:53,8,1,4
BRDA:68,9,0,6
BRDA:68,9,1,2
BRDA:71,10,0,2
BRDA:71,10,1,0
BRDA:79,11,0,2
BRDA:79,11,1,0
BRDA:103,12,0,2
BRDA:103,12,1,0
BRF:26
BRH:16
end_of_record
TN:
SF:src\services\SorteioService.ts
FN:4,(anonymous_0)
FN:10,(anonymous_1)
FN:52,(anonymous_2)
FN:54,(anonymous_3)
FN:67,(anonymous_4)
FN:69,(anonymous_5)
FN:82,(anonymous_6)
FN:84,(anonymous_7)
FNF:8
FNH:6
FNDA:160,(anonymous_0)
FNDA:844,(anonymous_1)
FNDA:4,(anonymous_2)
FNDA:16,(anonymous_3)
FNDA:0,(anonymous_4)
FNDA:0,(anonymous_5)
FNDA:2,(anonymous_6)
FNDA:76,(anonymous_7)
DA:1,2
DA:3,2
DA:5,160
DA:6,160
DA:7,160
DA:10,160
DA:11,844
DA:12,844
DA:13,844
DA:14,844
DA:18,160
DA:20,180
DA:21,180
DA:23,180
DA:24,180
DA:27,180
DA:28,180
DA:29,40
DA:35,40
DA:36,40
DA:37,40
DA:40,140
DA:43,140
DA:44,140
DA:49,160
DA:53,4
DA:54,16
DA:56,4
DA:58,4
DA:59,152
DA:60,152
DA:61,152
DA:64,4
DA:68,0
DA:69,0
DA:71,0
DA:73,0
DA:74,0
DA:75,0
DA:76,0
DA:79,0
DA:83,2
DA:84,76
DA:86,2
LF:44
LH:36
BRDA:28,0,0,40
BRDA:28,0,1,140
BRDA:43,1,0,140
BRDA:43,1,1,0
BRF:4
BRH:3
end_of_record
TN:
SF:src\services\ValidacaoService.ts
FN:6,(anonymous_0)
FN:24,(anonymous_1)
FN:29,(anonymous_2)
FN:32,(anonymous_3)
FN:40,(anonymous_4)
FN:45,(anonymous_5)
FN:49,(anonymous_6)
FN:58,(anonymous_7)
FNF:8
FNH:8
FNDA:2,(anonymous_0)
FNDA:2,(anonymous_1)
FNDA:4,(anonymous_2)
FNDA:6,(anonymous_3)
FNDA:4,(anonymous_4)
FNDA:2,(anonymous_5)
FNDA:8,(anonymous_6)
FNDA:8,(anonymous_7)
DA:5,2
DA:7,2
DA:8,2
DA:10,2
DA:11,4
DA:12,2
DA:13,2
DA:15,2
DA:16,2
DA:21,2
DA:25,2
DA:30,4
DA:32,4
DA:33,6
DA:34,6
DA:37,4
DA:41,4
DA:42,4
DA:46,2
DA:47,2
DA:49,2
DA:50,8
DA:51,8
DA:53,8
DA:54,8
DA:57,2
DA:58,8
LF:27
LH:27
BRDA:15,0,0,2
BRDA:15,0,1,0
BRDA:25,1,0,2
BRDA:25,1,1,2
BRDA:50,2,0,8
BRDA:50,2,1,4
BRDA:51,3,0,8
BRDA:51,3,1,4
BRF:8
BRH:7
end_of_record
TN:
SF:src\services\index.ts
FNF:0
FNH:0
DA:1,0
DA:2,0
DA:3,0
LF:3
LH:0
BRF:0
BRH:0
end_of_record
